- The project is out-of-sync -- use `renv::status()` for details.
INFO [2025-07-02 09:19:20] 

Hi!
starting full LandUseR data run now. 


Reading layer `ign_metropole_adminexpress_chefs_lieux_z' from data source 
  `/Users/floswald/Downloads/ReplicationPackage/data/IGN-chef-lieux/ign_metropole_adminexpress_chefs_lieux_z.shp' 
  using driver `ESRI Shapefile'
Simple feature collection with 34876 features and 5 fields
Geometry type: MULTIPOINT
Dimension:     XY
Bounding box:  xmin: 102332.3 ymin: 6051839 xmax: 1239158 ymax: 7108509
Projected CRS: RGF93 Lambert 93
INFO [2025-07-02 09:19:26] cropping year 1975
INFO [2025-07-02 09:19:49] cropping year 1990
INFO [2025-07-02 09:20:11] cropping year 2000
INFO [2025-07-02 09:20:32] cropping year 2015
INFO [2025-07-02 09:20:55] start city measurement with topn=100
INFO [2025-07-02 09:20:55] measuring cities in year 1975
INFO [2025-07-02 09:21:54] measuring cities in year 1990
INFO [2025-07-02 09:22:53] measuring cities in year 2000
INFO [2025-07-02 09:23:54] measuring cities in year 2015
INFO [2025-07-02 09:24:59] stop city measurement with topn=100
INFO [2025-07-02 09:24:59] start city measurement with topn=200
INFO [2025-07-02 09:25:00] measuring cities in year 1975
INFO [2025-07-02 09:26:59] measuring cities in year 1990
INFO [2025-07-02 09:28:59] measuring cities in year 2000
INFO [2025-07-02 09:30:58] measuring cities in year 2015
INFO [2025-07-02 09:33:05] stop city measurement with topn=200
INFO [2025-07-02 09:33:05] all data built.
INFO [2025-07-02 09:33:05] starting to plot data figures
Reading layer `communes-20150101-100m' from data source 
  `/Users/floswald/Downloads/ReplicationPackage/data/communes-20150101-100m-shp/communes-20150101-100m.shp' 
  using driver `ESRI Shapefile'
Simple feature collection with 36701 features and 4 fields (with 1 geometry empty)
Geometry type: MULTIPOLYGON
Dimension:     XY
Bounding box:  xmin: -61.80976 ymin: -21.38973 xmax: 55.83665 ymax: 51.08984
Geodetic CRS:  WGS 84
INFO [2025-07-02 09:33:11] done plotting main text data figures
INFO [2025-07-02 09:33:11] producing appendix A data-based figures/tables
INFO [2025-07-02 09:33:21] doing cut outs Paris
INFO [2025-07-02 09:33:22] doing cut outs Lyon
INFO [2025-07-02 09:33:23] doing cut outs Marseille
INFO [2025-07-02 09:33:23] doing cut outs Bordeaux
INFO [2025-07-02 09:33:24] doing cut outs Lille
INFO [2025-07-02 09:33:24] doing cut outs Reims
INFO [2025-07-02 09:33:24] Computing City measures for cutoff 25
Reading layer `ign_metropole_adminexpress_chefs_lieux_z' from data source 
  `/Users/floswald/Downloads/ReplicationPackage/data/IGN-chef-lieux/ign_metropole_adminexpress_chefs_lieux_z.shp' 
  using driver `ESRI Shapefile'
Simple feature collection with 34876 features and 5 fields
Geometry type: MULTIPOINT
Dimension:     XY
Bounding box:  xmin: 102332.3 ymin: 6051839 xmax: 1239158 ymax: 7108509
Projected CRS: RGF93 Lambert 93
INFO [2025-07-02 09:33:26] measuring cities in year 1975
INFO [2025-07-02 09:34:28] measuring cities in year 1990
INFO [2025-07-02 09:35:27] measuring cities in year 2000
INFO [2025-07-02 09:36:26] measuring cities in year 2015
INFO [2025-07-02 09:37:29] Computing City measures for cutoff 30
Reading layer `ign_metropole_adminexpress_chefs_lieux_z' from data source 
  `/Users/floswald/Downloads/ReplicationPackage/data/IGN-chef-lieux/ign_metropole_adminexpress_chefs_lieux_z.shp' 
  using driver `ESRI Shapefile'
Simple feature collection with 34876 features and 5 fields
Geometry type: MULTIPOINT
Dimension:     XY
Bounding box:  xmin: 102332.3 ymin: 6051839 xmax: 1239158 ymax: 7108509
Projected CRS: RGF93 Lambert 93
INFO [2025-07-02 09:37:31] measuring cities in year 1975
INFO [2025-07-02 09:38:32] measuring cities in year 1990
INFO [2025-07-02 09:39:32] measuring cities in year 2000
INFO [2025-07-02 09:40:33] measuring cities in year 2015
INFO [2025-07-02 09:41:35] Computing City measures for cutoff 35
Reading layer `ign_metropole_adminexpress_chefs_lieux_z' from data source 
  `/Users/floswald/Downloads/ReplicationPackage/data/IGN-chef-lieux/ign_metropole_adminexpress_chefs_lieux_z.shp' 
  using driver `ESRI Shapefile'
Simple feature collection with 34876 features and 5 fields
Geometry type: MULTIPOINT
Dimension:     XY
Bounding box:  xmin: 102332.3 ymin: 6051839 xmax: 1239158 ymax: 7108509
Projected CRS: RGF93 Lambert 93
INFO [2025-07-02 09:41:36] measuring cities in year 1975
INFO [2025-07-02 09:42:35] measuring cities in year 1990
INFO [2025-07-02 09:43:34] measuring cities in year 2000
INFO [2025-07-02 09:44:33] measuring cities in year 2015
INFO [2025-07-02 09:45:35] Computing City measures for cutoff 50
Reading layer `ign_metropole_adminexpress_chefs_lieux_z' from data source 
  `/Users/floswald/Downloads/ReplicationPackage/data/IGN-chef-lieux/ign_metropole_adminexpress_chefs_lieux_z.shp' 
  using driver `ESRI Shapefile'
Simple feature collection with 34876 features and 5 fields
Geometry type: MULTIPOINT
Dimension:     XY
Bounding box:  xmin: 102332.3 ymin: 6051839 xmax: 1239158 ymax: 7108509
Projected CRS: RGF93 Lambert 93
INFO [2025-07-02 09:45:36] measuring cities in year 1975
INFO [2025-07-02 09:46:36] measuring cities in year 1990
INFO [2025-07-02 09:47:36] measuring cities in year 2000
INFO [2025-07-02 09:48:37] measuring cities in year 2015
INFO [2025-07-02 09:49:41] doing year 1892
Reading layer `departements-20140306-100m' from data source 
  `/Users/floswald/Downloads/ReplicationPackage/data/departements-shp/departements-20140306-100m.shp' 
  using driver `ESRI Shapefile'
Simple feature collection with 101 features and 4 fields
Geometry type: MULTIPOLYGON
Dimension:     XY
Bounding box:  xmin: -61.80976 ymin: -21.38973 xmax: 55.83665 ymax: 51.08984
Geodetic CRS:  WGS 84
INFO [2025-07-02 09:49:42] doing year 1950
INFO [2025-07-02 09:49:47] doing year 1975
INFO [2025-07-02 09:49:51] doing year 1990
INFO [2025-07-02 09:49:55] doing year 2000
INFO [2025-07-02 09:50:00] doing year 2015 new
Reading layer `departements-20140306-100m' from data source 
  `/Users/floswald/Downloads/ReplicationPackage/data/departements-shp/departements-20140306-100m.shp' 
  using driver `ESRI Shapefile'
Simple feature collection with 101 features and 4 fields
Geometry type: MULTIPOLYGON
Dimension:     XY
Bounding box:  xmin: -61.80976 ymin: -21.38973 xmax: 55.83665 ymax: 51.08984
Geodetic CRS:  WGS 84
Reading layer `ign_metropole_adminexpress_chefs_lieux_z' from data source 
  `/Users/floswald/Downloads/ReplicationPackage/data/IGN-chef-lieux/ign_metropole_adminexpress_chefs_lieux_z.shp' 
  using driver `ESRI Shapefile'
Simple feature collection with 34876 features and 5 fields
Geometry type: MULTIPOINT
Dimension:     XY
Bounding box:  xmin: 102332.3 ymin: 6051839 xmax: 1239158 ymax: 7108509
Projected CRS: RGF93 Lambert 93
INFO [2025-07-02 09:50:12] measuring distances in year 1975
INFO [2025-07-02 09:50:30] measuring distances in year 1990
INFO [2025-07-02 09:50:47] measuring distances in year 2000
INFO [2025-07-02 09:51:04] measuring distances in year 2015
INFO [2025-07-02 09:51:22] done appendix A data-based figures
INFO [2025-07-02 09:51:22] data built and plots done in 32.04 minutes
