- The project is out-of-sync -- use `renv::status()` for details.
WARN [2025-07-02 10:33:23] You must have run the structural model before you run this function.
[[1]]
\begingroup
\centering
\begin{tabular}{lccc}
   \toprule
                                 & (1)            & (2)            & (3)\\  
   Shift-Share Wheat             & -2.468$^{**}$  & -2.353$^{**}$  & -2.286$^{**}$\\   
                                 & (1.029)        & (1.022)        & (1.052)\\   
   Shift-Share Maize             & -2.559$^{***}$ & -2.409$^{**}$  & -2.342$^{**}$\\   
                                 & (0.9456)       & (0.9111)       & (0.9180)\\   
   Shift-Share Oats              & -2.855         & -2.912         & -2.750\\   
                                 & (2.251)        & (2.251)        & (2.195)\\   
   Shift-Share Barley            & -3.071$^{***}$ & -3.114$^{***}$ & -3.124$^{***}$\\   
                                 & (1.081)        & (1.101)        & (1.102)\\   
   Shift-Share Potatoes          & -0.5852        & -0.6411        & -0.6588\\   
                                 & (1.954)        & (1.913)        & (1.879)\\   
   \midrule Controls &  & $\log w_{u,k,t}$ & $\log w_{u,k,t}$\\
    \\
   Observations                  & 444            & 430            & 430\\  
   R$^2$                         & 0.841          & 0.840          & 0.907\\  
   Within R$^2$                  & 0.070          & 0.068          & 0.112\\  
   FE: Year fixed effects        & $\checkmark$   & $\checkmark$   & $\checkmark$\\   
   FE: Département fixed effects & $\checkmark$   & $\checkmark$   & \\  
   FE: City fixed effects        &                &                & $\checkmark$\\   
   \bottomrule
\end{tabular}
\par\endgroup

[[2]]
\begingroup
\centering
\begin{tabular}{lccc}
   \toprule
                                     & (1)           & (2)           & (3)\\  
   $\log \overline{\rho}_{r,k,t}$    & 0.4078$^{**}$ & 0.4270$^{**}$ & 0.4296$^{**}$\\   
                                     & (0.1730)      & (0.1792)      & (0.1888)\\   
   \midrule Controls &  & $\log w_{u,k,t}$ & $\log w_{u,k,t}$\\
    \\
   Observations                      & 444           & 430           & 430\\  
   R$^2$                             & 0.450         & 0.449         & 0.849\\  
   FE: Year fixed effects            & $\checkmark$  & $\checkmark$  & $\checkmark$\\   
   FE: Département fixed effects     & $\checkmark$  & $\checkmark$  & \\  
   FE: City fixed effects            &               &               & $\checkmark$\\   
   \bottomrule
\end{tabular}
\par\endgroup

